<?xml version="1.0" encoding="UTF-8"?>
<!-- Generated by org.testng.reporters.JUnitXMLReporter -->
<testsuite ignored="0" hostname="Spidey" failures="0" tests="3" name="End TO End Test" time="29.253" errors="0" timestamp="2026-04-07T10:31:51 IST">
  <testcase classname="birenproject.test.EndToEnd" name="sumbitOrder" time="10.96"/>
  <testcase classname="birenproject.test.EndToEnd" name="sumbitOrder" time="9.703"/>
  <testcase classname="birenproject.test.EndToEnd" name="orderHistryTest" time="0.921"/>
</testsuite> <!-- End TO End Test -->
