<?xml version="1.0" encoding="UTF-8"?>
<!-- Generated by org.testng.reporters.JUnitXMLReporter -->
<testsuite ignored="0" hostname="Spidey" failures="0" tests="2" name="Error Validation Test" time="14.972" errors="0" timestamp="2026-04-07T10:32:06 IST">
  <testcase classname="birenproject.test.ErrorValidation" name="cartpageErrorValidation" time="10.063"/>
  <testcase classname="birenproject.test.ErrorValidation" name="loginErrorValidation" time="0.448"/>
</testsuite> <!-- Error Validation Test -->
