<?xml version="1.0" encoding="UTF-8"?>
<!-- Generated by org.testng.reporters.JUnitXMLReporter -->
<testsuite ignored="0" hostname="Spidey" failures="0" tests="5" name="Test" time="43.489" errors="0" timestamp="2026-04-07T10:17:26 IST">
  <testcase classname="birenproject.test.EndToEnd" name="sumbitOrder" time="10.034"/>
  <testcase classname="birenproject.test.EndToEnd" name="sumbitOrder" time="9.713"/>
  <testcase classname="birenproject.test.EndToEnd" name="orderHistryTest" time="2.121"/>
  <testcase classname="birenproject.test.ErrorValidation" name="cartpageErrorValidation" time="8.477"/>
  <testcase classname="birenproject.test.ErrorValidation" name="loginErrorValidation" time="1.337"/>
</testsuite> <!-- Test -->
