<?xml version="1.0" encoding="UTF-8"?>
<!-- Generated by org.testng.reporters.JUnitXMLReporter -->
<testsuite ignored="0" hostname="Spidey" failures="0" tests="3" name="End TO End Test" time="25.027" errors="0" timestamp="2026-04-29T10:20:57 IST">
  <testcase classname="birenproject.test.EndToEnd" name="sumbitOrder" time="3.427"/>
  <testcase classname="birenproject.test.EndToEnd" name="sumbitOrder" time="9.634"/>
  <testcase classname="birenproject.test.EndToEnd" name="orderHistryTest" time="0.94"/>
</testsuite> <!-- End TO End Test -->
