<?xml version="1.0" encoding="UTF-8"?>
<!-- Generated by org.testng.reporters.JUnitXMLReporter -->
<testsuite ignored="0" hostname="Spidey" failures="0" tests="2" name="Error Validation Test" time="14.869" errors="0" timestamp="2026-04-29T10:21:12 IST">
  <testcase classname="birenproject.test.ErrorValidation" name="cartpageErrorValidation" time="8.564"/>
  <testcase classname="birenproject.test.ErrorValidation" name="loginErrorValidation" time="1.105"/>
</testsuite> <!-- Error Validation Test -->
