<?xml version="1.0" encoding="UTF-8"?>
<testng-results ignored="0" total="5" passed="5" failed="0" skipped="0">
  <reporter-output>
  </reporter-output>
  <suite started-at="2026-04-29T10:20:32 IST" name="Suite" finished-at="2026-04-29T10:21:12 IST" duration-ms="40334">
    <groups>
      <group name="ErrorHandling">
        <method signature="ErrorValidation.cartpageErrorValidation()[pri:0, instance:birenproject.test.ErrorValidation@25df00a0]" name="cartpageErrorValidation" class="birenproject.test.ErrorValidation"/>
        <method signature="ErrorValidation.loginErrorValidation()[pri:0, instance:birenproject.test.ErrorValidation@25df00a0]" name="loginErrorValidation" class="birenproject.test.ErrorValidation"/>
      </group> <!-- ErrorHandling -->
      <group name="dataprovider">
        <method signature="EndToEnd.sumbitOrder(java.util.HashMap)[pri:0, instance:birenproject.test.EndToEnd@57a78e3]" name="sumbitOrder" class="birenproject.test.EndToEnd"/>
      </group> <!-- dataprovider -->
    </groups>
    <test started-at="2026-04-29T10:20:32 IST" name="End TO End Test" finished-at="2026-04-29T10:20:57 IST" duration-ms="25027">
      <class name="birenproject.test.EndToEnd">
        <test-method is-config="true" signature="lunchApplication()[pri:0, instance:birenproject.test.EndToEnd@57a78e3]" started-at="2026-04-29T10:20:32 IST" name="lunchApplication" finished-at="2026-04-29T10:20:38 IST" duration-ms="5539" status="PASS">
          <reporter-output>
          </reporter-output>
        </test-method> <!-- lunchApplication -->
        <test-method signature="sumbitOrder(java.util.HashMap)[pri:0, instance:birenproject.test.EndToEnd@57a78e3]" started-at="2026-04-29T10:20:38 IST" name="sumbitOrder" data-provider="getData" finished-at="2026-04-29T10:20:41 IST" duration-ms="3427" status="PASS">
          <params>
            <param index="0">
              <value>
                <![CDATA[{password=Biren@1234, email=biren@gmail.com, productName=ZARA COAT 3}]]>
              </value>
            </param>
          </params>
          <reporter-output>
          </reporter-output>
        </test-method> <!-- sumbitOrder -->
        <test-method is-config="true" signature="tierdown()[pri:0, instance:birenproject.test.EndToEnd@57a78e3]" started-at="2026-04-29T10:20:41 IST" name="tierdown" finished-at="2026-04-29T10:20:41 IST" duration-ms="406" status="PASS">
          <reporter-output>
          </reporter-output>
        </test-method> <!-- tierdown -->
        <test-method is-config="true" signature="lunchApplication()[pri:0, instance:birenproject.test.EndToEnd@57a78e3]" started-at="2026-04-29T10:20:41 IST" name="lunchApplication" finished-at="2026-04-29T10:20:44 IST" duration-ms="2245" status="PASS">
          <reporter-output>
          </reporter-output>
        </test-method> <!-- lunchApplication -->
        <test-method signature="sumbitOrder(java.util.HashMap)[pri:0, instance:birenproject.test.EndToEnd@57a78e3]" started-at="2026-04-29T10:20:44 IST" name="sumbitOrder" data-provider="getData" finished-at="2026-04-29T10:20:53 IST" duration-ms="9634" status="PASS">
          <params>
            <param index="0">
              <value>
                <![CDATA[{password=Biren@1234, email=biren@gmail.com, productName=ADIDAS ORIGINAL}]]>
              </value>
            </param>
          </params>
          <reporter-output>
          </reporter-output>
        </test-method> <!-- sumbitOrder -->
        <test-method is-config="true" signature="tierdown()[pri:0, instance:birenproject.test.EndToEnd@57a78e3]" started-at="2026-04-29T10:20:53 IST" name="tierdown" finished-at="2026-04-29T10:20:54 IST" duration-ms="322" status="PASS">
          <reporter-output>
          </reporter-output>
        </test-method> <!-- tierdown -->
        <test-method is-config="true" signature="lunchApplication()[pri:0, instance:birenproject.test.EndToEnd@57a78e3]" started-at="2026-04-29T10:20:54 IST" name="lunchApplication" finished-at="2026-04-29T10:20:56 IST" duration-ms="1961" status="PASS">
          <reporter-output>
          </reporter-output>
        </test-method> <!-- lunchApplication -->
        <test-method signature="orderHistryTest()[pri:0, instance:birenproject.test.EndToEnd@57a78e3]" started-at="2026-04-29T10:20:56 IST" name="orderHistryTest" finished-at="2026-04-29T10:20:57 IST" depends-on-methods="birenproject.test.EndToEnd.sumbitOrder" duration-ms="940" status="PASS">
          <reporter-output>
          </reporter-output>
        </test-method> <!-- orderHistryTest -->
        <test-method is-config="true" signature="tierdown()[pri:0, instance:birenproject.test.EndToEnd@57a78e3]" started-at="2026-04-29T10:20:57 IST" name="tierdown" finished-at="2026-04-29T10:20:57 IST" duration-ms="289" status="PASS">
          <reporter-output>
          </reporter-output>
        </test-method> <!-- tierdown -->
      </class> <!-- birenproject.test.EndToEnd -->
    </test> <!-- End TO End Test -->
    <test started-at="2026-04-29T10:20:57 IST" name="Error Validation Test" finished-at="2026-04-29T10:21:12 IST" duration-ms="14869">
      <class name="birenproject.test.ErrorValidation">
        <test-method is-config="true" signature="lunchApplication()[pri:0, instance:birenproject.test.ErrorValidation@25df00a0]" started-at="2026-04-29T10:20:57 IST" name="lunchApplication" finished-at="2026-04-29T10:21:00 IST" duration-ms="2373" status="PASS">
          <reporter-output>
          </reporter-output>
        </test-method> <!-- lunchApplication -->
        <test-method signature="cartpageErrorValidation()[pri:0, instance:birenproject.test.ErrorValidation@25df00a0]" started-at="2026-04-29T10:21:00 IST" name="cartpageErrorValidation" finished-at="2026-04-29T10:21:08 IST" duration-ms="8564" status="PASS">
          <reporter-output>
          </reporter-output>
        </test-method> <!-- cartpageErrorValidation -->
        <test-method is-config="true" signature="tierdown()[pri:0, instance:birenproject.test.ErrorValidation@25df00a0]" started-at="2026-04-29T10:21:08 IST" name="tierdown" finished-at="2026-04-29T10:21:09 IST" duration-ms="368" status="PASS">
          <reporter-output>
          </reporter-output>
        </test-method> <!-- tierdown -->
        <test-method is-config="true" signature="lunchApplication()[pri:0, instance:birenproject.test.ErrorValidation@25df00a0]" started-at="2026-04-29T10:21:09 IST" name="lunchApplication" finished-at="2026-04-29T10:21:11 IST" duration-ms="2172" status="PASS">
          <reporter-output>
          </reporter-output>
        </test-method> <!-- lunchApplication -->
        <test-method signature="loginErrorValidation()[pri:0, instance:birenproject.test.ErrorValidation@25df00a0]" started-at="2026-04-29T10:21:11 IST" name="loginErrorValidation" finished-at="2026-04-29T10:21:12 IST" duration-ms="1105" status="PASS">
          <reporter-output>
          </reporter-output>
        </test-method> <!-- loginErrorValidation -->
        <test-method is-config="true" signature="tierdown()[pri:0, instance:birenproject.test.ErrorValidation@25df00a0]" started-at="2026-04-29T10:21:12 IST" name="tierdown" finished-at="2026-04-29T10:21:12 IST" duration-ms="281" status="PASS">
          <reporter-output>
          </reporter-output>
        </test-method> <!-- tierdown -->
      </class> <!-- birenproject.test.ErrorValidation -->
    </test> <!-- Error Validation Test -->
  </suite> <!-- Suite -->
</testng-results>
