<?xml version="1.0" encoding="UTF-8"?>
<!-- Generated by org.testng.reporters.JUnitReportReporter -->
<testsuite hostname="Spidey" failures="0" tests="3" name="birenproject.test.EndToEnd" time="24.763" errors="0" timestamp="2026-04-29T10:21:12 IST" skipped="0">
  <testcase classname="birenproject.test.EndToEnd" name="sumbitOrder" time="12.001"/>
  <testcase classname="birenproject.test.EndToEnd" name="orderHistryTest" time="6.768"/>
  <testcase classname="birenproject.test.EndToEnd" name="sumbitOrder" time="5.994"/>
</testsuite> <!-- birenproject.test.EndToEnd -->
