<?xml version="1.0" encoding="UTF-8"?>
<!-- Generated by org.testng.reporters.JUnitReportReporter -->
<testsuite hostname="Spidey" failures="0" tests="2" name="birenproject.test.ErrorValidation" time="14.863" errors="0" timestamp="2026-04-29T10:21:12 IST" skipped="0">
  <testcase classname="birenproject.test.ErrorValidation" name="loginErrorValidation" time="3.558"/>
  <testcase classname="birenproject.test.ErrorValidation" name="cartpageErrorValidation" time="11.305"/>
</testsuite> <!-- birenproject.test.ErrorValidation -->
